<?xml version="1.0" encoding="UTF-8"?>
<!-- Generated by org.testng.reporters.JUnitXMLReporter -->
<testsuite hostname="sachin4597-01" ignored="0" name="selenium" tests="5" failures="0" timestamp="07 Sep 2019 15:29:46 GMT" time="30.908" errors="0">
  <testcase name="Test_Validate_AmazonSearch" time="7.08" classname="com.nag.nagp.testcases.Test_AmazonApp"/>
  <testcase name="Test_Validate_AmazonSignUp" time="2.868" classname="com.nag.nagp.testcases.Test_AmazonApp"/>
  <testcase name="Test_Validate_ClickSignIn" time="1.563" classname="com.nag.nagp.testcases.Test_AmazonApp"/>
  <testcase name="Test_Validate_Click_AmazonLogo" time="7.379" classname="com.nag.nagp.testcases.Test_AmazonApp"/>
  <testcase name="Test_Validate_HomePage" time="0.743" classname="com.nag.nagp.testcases.Test_AmazonApp"/>
</testsuite> <!-- selenium -->
